# JRE version: OpenJDK Runtime Environment Corretto-11.0.22.7.1 (11.0.22+7) (build 11.0.22+7-LTS)
# Java VM: OpenJDK 64-Bit Server VM Corretto-11.0.22.7.1 (11.0.22+7-LTS, mixed mode, tiered, compressed oops, g1 gc, windows-amd64)
Heap:
 garbage-first heap   total 520192K, used 26654K [0x0000000604000000, 0x0000000800000000)
  region size 2048K, 11 young (22528K), 5 survivors (10240K)
 Metaspace       used 35972K, capacity 36773K, committed 37040K, reserved 1081344K
  class space    used 4009K, capacity 4334K, committed 4352K, reserved 1048576K
GC Heap History (10 events):
Event: 3.359 GC heap before
{Heap before GC invocations=0 (full 0):
 garbage-first heap   total 520192K, used 24576K [0x0000000604000000, 0x0000000800000000)
  region size 2048K, 12 young (24576K), 0 survivors (0K)
 Metaspace       used 10990K, capacity 11179K, committed 11264K, reserved 1058816K
  class space    used 965K, capacity 1022K, committed 1024K, reserved 1048576K
}
Event: 3.363 GC heap after
{Heap after GC invocations=1 (full 0):
 garbage-first heap   total 520192K, used 8100K [0x0000000604000000, 0x0000000800000000)
  region size 2048K, 2 young (4096K), 2 survivors (4096K)
 Metaspace       used 10990K, capacity 11179K, committed 11264K, reserved 1058816K
  class space    used 965K, capacity 1022K, committed 1024K, reserved 1048576K
}
Event: 3.546 GC heap before
{Heap before GC invocations=1 (full 0):
 garbage-first heap   total 520192K, used 28580K [0x0000000604000000, 0x0000000800000000)
  region size 2048K, 12 young (24576K), 2 survivors (4096K)
 Metaspace       used 15087K, capacity 15474K, committed 15744K, reserved 1062912K
  class space    used 1465K, capacity 1589K, committed 1664K, reserved 1048576K
}
Event: 3.547 GC heap after
{Heap after GC invocations=2 (full 0):
 garbage-first heap   total 520192K, used 9146K [0x0000000604000000, 0x0000000800000000)
  region size 2048K, 1 young (2048K), 1 survivors (2048K)
 Metaspace       used 15087K, capacity 15474K, committed 15744K, reserved 1062912K
  class space    used 1465K, capacity 1589K, committed 1664K, reserved 1048576K
}
Event: 3.823 GC heap before
{Heap before GC invocations=2 (full 0):
 garbage-first heap   total 520192K, used 37818K [0x0000000604000000, 0x0000000800000000)
  region size 2048K, 16 young (32768K), 1 survivors (2048K)
 Metaspace       used 20668K, capacity 21152K, committed 21296K, reserved 1069056K
  class space    used 2156K, capacity 2365K, committed 2432K, reserved 1048576K
}
Event: 3.825 GC heap after
{Heap after GC invocations=3 (full 0):
 garbage-first heap   total 520192K, used 10646K [0x0000000604000000, 0x0000000800000000)
  region size 2048K, 2 young (4096K), 2 survivors (4096K)
 Metaspace       used 20668K, capacity 21152K, committed 21296K, reserved 1069056K
  class space    used 2156K, capacity 2365K, committed 2432K, reserved 1048576K
}
Event: 4.193 GC heap before
{Heap before GC invocations=4 (full 0):
 garbage-first heap   total 520192K, used 72086K [0x0000000604000000, 0x0000000800000000)
  region size 2048K, 32 young (65536K), 2 survivors (4096K)
 Metaspace       used 29652K, capacity 30252K, committed 30384K, reserved 1077248K
  class space    used 3285K, capacity 3546K, committed 3584K, reserved 1048576K
}
Event: 4.195 GC heap after
{Heap after GC invocations=5 (full 0):
 garbage-first heap   total 520192K, used 12551K [0x0000000604000000, 0x0000000800000000)
  region size 2048K, 3 young (6144K), 3 survivors (6144K)
 Metaspace       used 29652K, capacity 30252K, committed 30384K, reserved 1077248K
  class space    used 3285K, capacity 3546K, committed 3584K, reserved 1048576K
}
Event: 4.744 GC heap before
{Heap before GC invocations=5 (full 0):
 garbage-first heap   total 520192K, used 100615K [0x0000000604000000, 0x0000000800000000)
  region size 2048K, 47 young (96256K), 3 survivors (6144K)
 Metaspace       used 35046K, capacity 35780K, committed 35888K, reserved 1081344K
  class space    used 3879K, capacity 4177K, committed 4224K, reserved 1048576K
}
Event: 4.750 GC heap after
{Heap after GC invocations=6 (full 0):
 garbage-first heap   total 520192K, used 16414K [0x0000000604000000, 0x0000000800000000)
  region size 2048K, 5 young (10240K), 5 survivors (10240K)
 Metaspace       used 35046K, capacity 35780K, committed 35888K, reserved 1081344K
  class space    used 3879K, capacity 4177K, committed 4224K, reserved 1048576K
}

